starting log on Tue Jul  2 19:27:55 2013
1372793279, 121.9 V, 121.9 V, 0 V, 3.9 A, 1.7 A, 0 A, 0 KW, 0.006 KW, 60 Hz, 19561.3 %, 75.9 %, 0 %, 4710 KWh, 856 KWh, 5565 KWh, 3854 KWh
1372793341, 121.9 V, 121.9 V, 0 V, 3.9 A, 1.7 A, 0 A, 0 KW, 0.006 KW, 60 Hz, 19561.3 %, 76.1 %, 0 %, 4710 KWh, 856 KWh, 5565 KWh, 3854 KWh
1372793405, 122 V, 121.8 V, 0 V, 3.8 A, 1.6 A, 0 A, 0 KW, 0.006 KW, 60 Hz, 19561.3 %, 75.8 %, 0 %, 4710 KWh, 856 KWh, 5565 KWh, 3854 KWh
1372793468, 122.1 V, 121.9 V, 0 V, 3.9 A, 1.7 A, 0 A, 0 KW, 0.006 KW, 60 Hz, 19561.3 %, 75.9 %, 0 %, 4710 KWh, 856 KWh, 5565 KWh, 3854 KWh
1372793531, 122.2 V, 121.9 V, 0 V, 2.2 A, 2.3 A, 0 A, 0 KW, 0.004 KW, 60 Hz, 79.8 %, 54.7 %, 0 %, 4710 KWh, 856 KWh, 5565 KWh, 3854 KWh
1372793594, 122.3 V, 121.8 V, 0 V, 1.8 A, 1.7 A, 0 A, 0 KW, 0.004 KW, 60 Hz, 97.2 %, 75.7 %, 0 %, 4710 KWh, 856 KWh, 5565 KWh, 3854 KWh
1372793656, 122.3 V, 121.9 V, 0 V, 1.8 A, 1.7 A, 0 A, 0 KW, 0.004 KW, 60 Hz, 97.2 %, 75.8 %, 0 %, 4710 KWh, 856 KWh, 5565 KWh, 3854 KWh
1372793720, 122.3 V, 121.7 V, 0 V, 1.8 A, 1.7 A, 0 A, 0 KW, 0.004 KW, 60 Hz, 97.2 %, 75.5 %, 0 %, 4710 KWh, 856 KWh, 5565 KWh, 3854 KWh
1372793783, 122.2 V, 121.8 V, 0 V, 1.8 A, 1.7 A, 0 A, 0 KW, 0.004 KW, 60 Hz, 97.2 %, 75.7 %, 0 %, 4710 KWh, 856 KWh, 5565 KWh, 3854 KWh
1372793847, 122.3 V, 121.7 V, 0 V, 1.8 A, 1.7 A, 0 A, 0 KW, 0.004 KW, 60 Hz, 97.2 %, 75.6 %, 0 %, 4710 KWh, 856 KWh, 5565 KWh, 3854 KWh
1372793911, 122.3 V, 121.7 V, 0 V, 1.8 A, 1.7 A, 0 A, 0 KW, 0.004 KW, 60 Hz, 97.2 %, 75.7 %, 0 %, 4710 KWh, 856 KWh, 5565 KWh, 3854 KWh
1372793974, 122.1 V, 121.6 V, 0 V, 1.8 A, 1.7 A, 0 A, 0 KW, 0.004 KW, 60 Hz, 97.2 %, 75.7 %, 0 %, 4710 KWh, 856 KWh, 5565 KWh, 3854 KWh
1372794037, 122 V, 121.6 V, 0 V, 1.8 A, 1.7 A, 0 A, 0 KW, 0.004 KW, 60 Hz, 97.2 %, 75.6 %, 0 %, 4710 KWh, 856 KWh, 5565 KWh, 3854 KWh
1372794099, 121.7 V, 121.6 V, 0 V, 1.8 A, 1.7 A, 0 A, 0 KW, 0.004 KW, 60 Hz, 97.2 %, 75.8 %, 0 %, 4710 KWh, 856 KWh, 5565 KWh, 3854 KWh
1372794163, 121.9 V, 121.5 V, 0 V, 1.8 A, 1.7 A, 0 A, 0 KW, 0.004 KW, 60 Hz, 97.2 %, 75.5 %, 0 %, 4710 KWh, 856 KWh, 5565 KWh, 3854 KWh
1372794226, 121.9 V, 121.5 V, 0 V, 1.8 A, 1.7 A, 0 A, 0 KW, 0.004 KW, 60 Hz, 97.3 %, 75.6 %, 0 %, 4710 KWh, 856 KWh, 5565 KWh, 3854 KWh
1372794289, 122 V, 121.6 V, 0 V, 1.8 A, 1.7 A, 0 A, 0 KW, 0.004 KW, 60 Hz, 97.2 %, 75.6 %, 0 %, 4710 KWh, 856 KWh, 5565 KWh, 3854 KWh
1372794352, 122.1 V, 121.6 V, 0 V, 1.8 A, 1.7 A, 0 A, 0 KW, 0.004 KW, 60 Hz, 97.2 %, 75.6 %, 0 %, 4710 KWh, 856 KWh, 5565 KWh, 3854 KWh
1372794414, 122 V, 121.7 V, 0 V, 1.8 A, 1.7 A, 0 A, 0 KW, 0.004 KW, 60 Hz, 97.3 %, 75.7 %, 0 %, 4710 KWh, 856 KWh, 5565 KWh, 3854 KWh
1372794478, 121.9 V, 121.5 V, 0 V, 1.8 A, 1.7 A, 0 A, 0 KW, 0.004 KW, 60 Hz, 97.3 %, 75.7 %, 0 %, 4710 KWh, 856 KWh, 5565 KWh, 3854 KWh
1372794541, 121.9 V, 121.7 V, 0 V, 1.8 A, 1.7 A, 0 A, 0 KW, 0.004 KW, 60 Hz, 97.2 %, 75.8 %, 0 %, 4710 KWh, 856 KWh, 5565 KWh, 3854 KWh
1372794604, 122.4 V, 121.4 V, 0 V, 1.8 A, 1.7 A, 0 A, 0 KW, 0.004 KW, 60 Hz, 97.2 %, 75.8 %, 0 %, 4710 KWh, 856 KWh, 5565 KWh, 3854 KWh
1372794663, 
1372794723, 
1372794783, 
1372794843, 
1372794903, 
1372794963, 
1372795023, 
1372795083, 
1372795143, 
1372795203, 
1372795263, 
1372795323, 
1372795383, 
1372795443, 
